<?xml version="1.0" encoding="UTF-8"?>
<!-- Generated by org.testng.reporters.JUnitReportReporter -->
<testsuite hostname="DESKTOP-F6KJ1VL" failures="0" tests="3" name="Adactin_Test.AdactinTest" time="12.722" errors="0" timestamp="2023-11-06T07:29:34 PST" skipped="2">
  <testcase classname="Adactin_Test.AdactinTest" name="BookHotel" time="12.722"/>
  <testcase classname="Adactin_Test.AdactinTest" name="verifyTitle">
    <skipped/>
  </testcase> <!-- verifyTitle -->
  <testcase classname="Adactin_Test.AdactinTest" name="verifyuser">
    <skipped/>
  </testcase> <!-- verifyuser -->
</testsuite> <!-- Adactin_Test.AdactinTest -->
