<?xml version="1.0" encoding="UTF-8"?>
<!-- Generated by org.testng.reporters.JUnitReportReporter -->
<testsuite hostname="DESKTOP-F6KJ1VL" failures="0" tests="5" name="ExtentReport.Report" time="0.039" errors="0" timestamp="2023-09-30T16:07:40 PDT" skipped="0">
  <testcase classname="ExtentReport.Report" name="f4" time="0.002"/>
  <testcase classname="ExtentReport.Report" name="f2" time="0.003"/>
  <testcase classname="ExtentReport.Report" name="f3" time="0.009"/>
  <testcase classname="ExtentReport.Report" name="f5" time="0.004"/>
  <testcase classname="ExtentReport.Report" name="f1" time="0.021"/>
</testsuite> <!-- ExtentReport.Report -->
